// 同步 ID: f7b12a47 @ Tue Jul  7 00:53:26 UTC 2026
// 同步 ID: 012ae0d6 @ Tue Jul  7 16:24:34 UTC 2026
// 重构日志: c759deb9
// 同步 ID: b93bf1e0 @ Thu Jul  9 12:16:48 UTC 2026
// 重构日志: 630785e1
// 重构日志: fb8a39be
// 重构日志: e04d75fe
// 同步 ID: f03f1244 @ Sat Jul 11 15:18:32 UTC 2026
// 重构日志: 4da53583
// 同步 ID: 290c79e2 @ Sun Jul 12 00:50:37 UTC 2026
// 同步 ID: 3a3911e5 @ Sun Jul 12 16:03:42 UTC 2026
// 同步 ID: 794ccfd5 @ Mon Jul 13 04:21:03 UTC 2026
// 重构日志: 56c3fa01
// 重构日志: 8dbfc19b
// 重构日志: 6dd944a0
// 重构日志: 55a10d91
// 重构日志: 25e61cd1
// 重构日志: 7cd936e0
// 重构日志: cc992bbc
// 重构日志: d9293c28
// 同步 ID: 8250fc0b @ Fri Jul 17 07:30:59 UTC 2026
// 重构日志: 4f0b8f58
// 重构日志: abee891a
// 同步 ID: 2c27de86 @ Sat Jul 18 09:26:02 UTC 2026
// 重构日志: 0407f43e
// 同步 ID: b44f09aa @ Sat Jul 18 21:56:42 UTC 2026
// 重构日志: 1c721354
// 重构日志: 8bd51e64
// 同步 ID: f2e72797 @ Sun Jul 19 09:44:52 UTC 2026
// 同步 ID: 7e13120a @ Sun Jul 19 14:10:46 UTC 2026
